2022-01-18 16:39:56,312 | INFO | Start
2022-01-19 10:33:13,707 | INFO | Start
2022-01-20 01:40:21,198 | INFO | ------ Start ------
2022-01-20 01:40:21,198 | INFO | ------ Start ------
2022-01-20 01:40:21,779 | INFO | Get price list.
2022-01-20 01:40:21,779 | INFO | Get price list.
2022-01-20 01:40:21,780 | INFO | Table created.
2022-01-20 01:40:21,780 | INFO | Table created.
2022-01-20 01:40:21,780 | INFO | Insert average price, total price into database.
2022-01-20 01:40:21,780 | INFO | Insert average price, total price into database.
2022-01-20 01:40:21,782 | INFO | ------ End ------
2022-01-20 01:40:21,782 | INFO | ------ End ------
2022-01-20 01:41:09,772 | INFO | ------ Start ------
2022-01-20 01:41:09,772 | INFO | ------ Start ------
2022-01-20 01:41:10,217 | INFO | Get price list.
2022-01-20 01:41:10,217 | INFO | Get price list.
2022-01-20 01:41:10,218 | INFO | Table created.
2022-01-20 01:41:10,218 | INFO | Table created.
2022-01-20 01:41:10,218 | INFO | Insert average price, total price into database.
2022-01-20 01:41:10,218 | INFO | Insert average price, total price into database.
2022-01-20 01:41:10,220 | INFO | ------ End ------
2022-01-20 01:41:10,220 | INFO | ------ End ------
2022-01-20 01:43:10,494 | INFO | ------ Start ------
2022-01-20 01:43:10,494 | INFO | ------ Start ------
2022-01-20 01:43:11,097 | INFO | Get price list.
2022-01-20 01:43:11,097 | INFO | Get price list.
2022-01-20 01:43:11,098 | INFO | Table created.
2022-01-20 01:43:11,098 | INFO | Table created.
2022-01-20 01:43:11,098 | INFO | Insert average price, total price into database.
2022-01-20 01:43:11,098 | INFO | Insert average price, total price into database.
2022-01-20 01:43:11,100 | INFO | ------ End ------
2022-01-20 01:43:11,100 | INFO | ------ End ------
2022-01-20 10:25:05,487 | INFO | ------ Start ------
2022-01-20 10:25:06,016 | INFO | Get price list.
2022-01-20 10:25:06,026 | INFO | Table created.
2022-01-20 10:25:06,027 | INFO | Insert average price, total price into database.
2022-01-20 10:25:06,029 | INFO | ------ End ------
2022-01-20 10:53:37,498 | INFO | ------ Start ------
2022-01-20 10:53:38,237 | INFO | Get price list.
2022-01-20 10:53:38,240 | INFO | Table created.
2022-01-20 10:53:38,241 | INFO | Insert average price, total price into database.
2022-01-20 10:53:38,241 | INFO | ------ End ------
2022-01-20 11:19:02,480 | INFO | ------ Start ------
2022-01-20 11:19:02,951 | INFO | Get price list.
2022-01-20 11:19:02,954 | INFO | Table created.
2022-01-20 11:19:02,955 | INFO | Insert average price, total price into database.
2022-01-20 11:19:02,957 | INFO | ------ End ------
2022-01-20 11:19:36,149 | INFO | ------ Start ------
2022-01-20 11:19:36,461 | INFO | Get price list.
2022-01-20 11:19:36,465 | INFO | Table created.
2022-01-20 11:19:36,466 | INFO | Insert average price, total price into database.
2022-01-20 11:19:36,467 | INFO | ------ End ------
2022-01-20 11:30:43,226 | INFO | ------ Start ------
2022-01-20 11:30:43,698 | INFO | Get price list.
2022-01-20 11:30:43,700 | INFO | Table created.
2022-01-20 11:30:43,701 | INFO | Insert average price, total price into database.
2022-01-20 11:30:43,704 | INFO | ------ End ------
